
> react-typescript-starter@0.1.0 test
> react-scripts test --coverage

PASS src/nested.test.ts
PASS src/arrays.test.ts
PASS src/objects.test.ts
PASS src/HtmlCss.test.tsx
PASS src/functions.test.ts
PASS src/text.test.tsx
PASS src/App.test.tsx
----------------|---------|----------|---------|---------|-------------------
File            | % Stmts | % Branch | % Funcs | % Lines | Uncovered Line #s 
----------------|---------|----------|---------|---------|-------------------
All files       |   98.32 |    91.22 |     100 |   98.24 |                   
 src            |   98.32 |    91.22 |     100 |   98.24 |                   
  App.tsx       |     100 |      100 |     100 |     100 |                   
  arrays.ts     |   98.27 |    95.45 |     100 |   98.14 | 21                
  functions.ts  |     100 |      100 |     100 |     100 |                   
  nested.ts     |    98.7 |    84.21 |     100 |   98.63 | 290               
  objects.ts    |   96.29 |    83.33 |     100 |   96.29 | 51                
 src/interfaces |       0 |        0 |       0 |       0 |                   
  answer.ts     |       0 |        0 |       0 |       0 |                   
  question.ts   |       0 |        0 |       0 |       0 |                   
----------------|---------|----------|---------|---------|-------------------

Test Suites: 7 passed, 7 total
Tests:       49 passed, 49 total
Snapshots:   0 total
Time:        4.794 s
Ran all test suites.
